c:\users\aseem apastamb\desktop\usa\digipen institute of technology\semester 1\cs-541\cs541-framework-glfw\debug\fbo.obj
c:\users\aseem apastamb\desktop\usa\digipen institute of technology\semester 1\cs-541\cs541-framework-glfw\debug\framework.obj
c:\users\aseem apastamb\desktop\usa\digipen institute of technology\semester 1\cs-541\cs541-framework-glfw\debug\imgui_impl_glfw.obj
c:\users\aseem apastamb\desktop\usa\digipen institute of technology\semester 1\cs-541\cs541-framework-glfw\debug\imgui_impl_opengl3.obj
c:\users\aseem apastamb\desktop\usa\digipen institute of technology\semester 1\cs-541\cs541-framework-glfw\debug\imgui.obj
c:\users\aseem apastamb\desktop\usa\digipen institute of technology\semester 1\cs-541\cs541-framework-glfw\debug\imgui_demo.obj
c:\users\aseem apastamb\desktop\usa\digipen institute of technology\semester 1\cs-541\cs541-framework-glfw\debug\imgui_draw.obj
c:\users\aseem apastamb\desktop\usa\digipen institute of technology\semester 1\cs-541\cs541-framework-glfw\debug\imgui_widgets.obj
c:\users\aseem apastamb\desktop\usa\digipen institute of technology\semester 1\cs-541\cs541-framework-glfw\debug\scene.obj
c:\users\aseem apastamb\desktop\usa\digipen institute of technology\semester 1\cs-541\cs541-framework-glfw\debug\shader.obj
c:\users\aseem apastamb\desktop\usa\digipen institute of technology\semester 1\cs-541\cs541-framework-glfw\debug\texture.obj
c:\users\aseem apastamb\desktop\usa\digipen institute of technology\semester 1\cs-541\cs541-framework-glfw\debug\interact.obj
c:\users\aseem apastamb\desktop\usa\digipen institute of technology\semester 1\cs-541\cs541-framework-glfw\debug\object.obj
c:\users\aseem apastamb\desktop\usa\digipen institute of technology\semester 1\cs-541\cs541-framework-glfw\debug\shapes.obj
c:\users\aseem apastamb\desktop\usa\digipen institute of technology\semester 1\cs-541\cs541-framework-glfw\debug\simplexnoise.obj
c:\users\aseem apastamb\desktop\usa\digipen institute of technology\semester 1\cs-541\cs541-framework-glfw\debug\transform.obj
c:\users\aseem apastamb\desktop\usa\digipen institute of technology\semester 1\cs-541\cs541-framework-glfw\debug\emulator.obj
c:\users\aseem apastamb\desktop\usa\digipen institute of technology\semester 1\cs-541\cs541-framework-glfw\debug\vc142.pdb
c:\users\aseem apastamb\desktop\usa\digipen institute of technology\semester 1\cs-541\cs541-framework-glfw\debug\rply.obj
c:\users\aseem apastamb\desktop\usa\digipen institute of technology\semester 1\cs-541\cs541-framework-glfw\debug\framework.exe
c:\users\aseem apastamb\desktop\usa\digipen institute of technology\semester 1\cs-541\cs541-framework-glfw\debug\framework.ilk
c:\users\aseem apastamb\desktop\usa\digipen institute of technology\semester 1\cs-541\cs541-framework-glfw\debug\framework.pdb
c:\users\aseem apastamb\desktop\usa\digipen institute of technology\semester 1\cs-541\cs541-framework-glfw\debug\vc142.idb
c:\users\aseem apastamb\desktop\usa\digipen institute of technology\semester 1\cs-541\cs541-framework-glfw\debug\framework.tlog\cl.command.1.tlog
c:\users\aseem apastamb\desktop\usa\digipen institute of technology\semester 1\cs-541\cs541-framework-glfw\debug\framework.tlog\cl.read.1.tlog
c:\users\aseem apastamb\desktop\usa\digipen institute of technology\semester 1\cs-541\cs541-framework-glfw\debug\framework.tlog\cl.write.1.tlog
c:\users\aseem apastamb\desktop\usa\digipen institute of technology\semester 1\cs-541\cs541-framework-glfw\debug\framework.tlog\link.command.1.tlog
c:\users\aseem apastamb\desktop\usa\digipen institute of technology\semester 1\cs-541\cs541-framework-glfw\debug\framework.tlog\link.read.1.tlog
c:\users\aseem apastamb\desktop\usa\digipen institute of technology\semester 1\cs-541\cs541-framework-glfw\debug\framework.tlog\link.write.1.tlog
